# JRE version: OpenJDK Runtime Environment (17.0.6) (build 17.0.6+0-b2043.56-10027231)
# Java VM: OpenJDK 64-Bit Server VM (17.0.6+0-b2043.56-10027231, mixed mode, tiered, compressed oops, compressed class ptrs, g1 gc, windows-amd64)
GC Precious Log:
 CPUs: 8 total, 8 available
 Memory: 10177M
 Large Page Support: Disabled
 NUMA Support: Disabled
 Compressed Oops: Enabled (32-bit)
 Heap Region Size: 1M
 Heap Min Capacity: 8M
 Heap Initial Capacity: 160M
 Heap Max Capacity: 2G
 Pre-touch: Disabled
 Parallel Workers: 8
 Concurrent Workers: 2
 Concurrent Refinement Workers: 8
 Periodic GC: Disabled
Heap:
 garbage-first heap   total 280576K, used 101462K [0x0000000080000000, 0x0000000100000000)
  region size 1024K, 16 young (16384K), 4 survivors (4096K)
 Metaspace       used 95584K, committed 96192K, reserved 1138688K
  class space    used 13071K, committed 13376K, reserved 1048576K
GC Heap History (20 events):
Event: 18.783 GC heap before
{Heap before GC invocations=36 (full 0):
 garbage-first heap   total 138240K, used 108470K [0x0000000080000000, 0x0000000100000000)
  region size 1024K, 43 young (44032K), 4 survivors (4096K)
 Metaspace       used 82120K, committed 82688K, reserved 1122304K
  class space    used 11129K, committed 11392K, reserved 1048576K
}
Event: 18.788 GC heap after
{Heap after GC invocations=37 (full 0):
 garbage-first heap   total 138240K, used 69253K [0x0000000080000000, 0x0000000100000000)
  region size 1024K, 5 young (5120K), 5 survivors (5120K)
 Metaspace       used 82120K, committed 82688K, reserved 1122304K
  class space    used 11129K, committed 11392K, reserved 1048576K
}
Event: 19.862 GC heap before
{Heap before GC invocations=37 (full 0):
 garbage-first heap   total 138240K, used 110213K [0x0000000080000000, 0x0000000100000000)
  region size 1024K, 45 young (46080K), 5 survivors (5120K)
 Metaspace       used 85955K, committed 86592K, reserved 1130496K
  class space    used 11670K, committed 11968K, reserved 1048576K
}
Event: 19.871 GC heap after
{Heap after GC invocations=38 (full 0):
 garbage-first heap   total 138240K, used 72764K [0x0000000080000000, 0x0000000100000000)
  region size 1024K, 6 young (6144K), 6 survivors (6144K)
 Metaspace       used 85955K, committed 86592K, reserved 1130496K
  class space    used 11670K, committed 11968K, reserved 1048576K
}
Event: 21.364 GC heap before
{Heap before GC invocations=39 (full 0):
 garbage-first heap   total 138240K, used 110652K [0x0000000080000000, 0x0000000100000000)
  region size 1024K, 43 young (44032K), 6 survivors (6144K)
 Metaspace       used 91077K, committed 91712K, reserved 1130496K
  class space    used 12422K, committed 12736K, reserved 1048576K
}
Event: 21.377 GC heap after
{Heap after GC invocations=40 (full 0):
 garbage-first heap   total 138240K, used 76001K [0x0000000080000000, 0x0000000100000000)
  region size 1024K, 4 young (4096K), 4 survivors (4096K)
 Metaspace       used 91077K, committed 91712K, reserved 1130496K
  class space    used 12422K, committed 12736K, reserved 1048576K
}
Event: 21.424 GC heap before
{Heap before GC invocations=40 (full 0):
 garbage-first heap   total 138240K, used 78049K [0x0000000080000000, 0x0000000100000000)
  region size 1024K, 6 young (6144K), 4 survivors (4096K)
 Metaspace       used 91230K, committed 91840K, reserved 1130496K
  class space    used 12443K, committed 12736K, reserved 1048576K
}
Event: 21.434 GC heap after
{Heap after GC invocations=41 (full 0):
 garbage-first heap   total 138240K, used 75955K [0x0000000080000000, 0x0000000100000000)
  region size 1024K, 1 young (1024K), 1 survivors (1024K)
 Metaspace       used 91230K, committed 91840K, reserved 1130496K
  class space    used 12443K, committed 12736K, reserved 1048576K
}
Event: 22.407 GC heap before
{Heap before GC invocations=41 (full 0):
 garbage-first heap   total 138240K, used 111795K [0x0000000080000000, 0x0000000100000000)
  region size 1024K, 36 young (36864K), 1 survivors (1024K)
 Metaspace       used 92710K, committed 93440K, reserved 1130496K
  class space    used 12636K, committed 12992K, reserved 1048576K
}
Event: 22.415 GC heap after
{Heap after GC invocations=42 (full 0):
 garbage-first heap   total 138240K, used 79772K [0x0000000080000000, 0x0000000100000000)
  region size 1024K, 5 young (5120K), 5 survivors (5120K)
 Metaspace       used 92710K, committed 93440K, reserved 1130496K
  class space    used 12636K, committed 12992K, reserved 1048576K
}
Event: 23.269 GC heap before
{Heap before GC invocations=43 (full 0):
 garbage-first heap   total 140288K, used 112540K [0x0000000080000000, 0x0000000100000000)
  region size 1024K, 37 young (37888K), 5 survivors (5120K)
 Metaspace       used 93180K, committed 93824K, reserved 1130496K
  class space    used 12721K, committed 13056K, reserved 1048576K
}
Event: 23.281 GC heap after
{Heap after GC invocations=44 (full 0):
 garbage-first heap   total 140288K, used 84830K [0x0000000080000000, 0x0000000100000000)
  region size 1024K, 5 young (5120K), 5 survivors (5120K)
 Metaspace       used 93180K, committed 93824K, reserved 1130496K
  class space    used 12721K, committed 13056K, reserved 1048576K
}
Event: 23.327 GC heap before
{Heap before GC invocations=44 (full 0):
 garbage-first heap   total 140288K, used 85854K [0x0000000080000000, 0x0000000100000000)
  region size 1024K, 6 young (6144K), 5 survivors (5120K)
 Metaspace       used 93325K, committed 93952K, reserved 1130496K
  class space    used 12746K, committed 13056K, reserved 1048576K
}
Event: 23.337 GC heap after
{Heap after GC invocations=45 (full 0):
 garbage-first heap   total 140288K, used 85291K [0x0000000080000000, 0x0000000100000000)
  region size 1024K, 1 young (1024K), 1 survivors (1024K)
 Metaspace       used 93325K, committed 93952K, reserved 1130496K
  class space    used 12746K, committed 13056K, reserved 1048576K
}
Event: 24.271 GC heap before
{Heap before GC invocations=45 (full 0):
 garbage-first heap   total 140288K, used 112939K [0x0000000080000000, 0x0000000100000000)
  region size 1024K, 29 young (29696K), 1 survivors (1024K)
 Metaspace       used 94797K, committed 95424K, reserved 1138688K
  class space    used 13019K, committed 13312K, reserved 1048576K
}
Event: 24.278 GC heap after
{Heap after GC invocations=46 (full 0):
 garbage-first heap   total 140288K, used 87550K [0x0000000080000000, 0x0000000100000000)
  region size 1024K, 3 young (3072K), 3 survivors (3072K)
 Metaspace       used 94797K, committed 95424K, reserved 1138688K
  class space    used 13019K, committed 13312K, reserved 1048576K
}
Event: 24.910 GC heap before
{Heap before GC invocations=46 (full 0):
 garbage-first heap   total 140288K, used 114174K [0x0000000080000000, 0x0000000100000000)
  region size 1024K, 30 young (30720K), 3 survivors (3072K)
 Metaspace       used 95058K, committed 95680K, reserved 1138688K
  class space    used 13025K, committed 13312K, reserved 1048576K
}
Event: 24.917 GC heap after
{Heap after GC invocations=47 (full 0):
 garbage-first heap   total 140288K, used 89280K [0x0000000080000000, 0x0000000100000000)
  region size 1024K, 2 young (2048K), 2 survivors (2048K)
 Metaspace       used 95058K, committed 95680K, reserved 1138688K
  class space    used 13025K, committed 13312K, reserved 1048576K
}
Event: 25.655 GC heap before
{Heap before GC invocations=47 (full 0):
 garbage-first heap   total 140288K, used 115904K [0x0000000080000000, 0x0000000100000000)
  region size 1024K, 29 young (29696K), 2 survivors (2048K)
 Metaspace       used 95508K, committed 96192K, reserved 1138688K
  class space    used 13071K, committed 13376K, reserved 1048576K
}
Event: 25.665 GC heap after
{Heap after GC invocations=48 (full 0):
 garbage-first heap   total 280576K, used 91222K [0x0000000080000000, 0x0000000100000000)
  region size 1024K, 4 young (4096K), 4 survivors (4096K)
 Metaspace       used 95508K, committed 96192K, reserved 1138688K
  class space    used 13071K, committed 13376K, reserved 1048576K
}

