# JRE version: OpenJDK Runtime Environment (17.0.6) (build 17.0.6+0-b2043.56-10027231)
# Java VM: OpenJDK 64-Bit Server VM (17.0.6+0-b2043.56-10027231, mixed mode, tiered, compressed oops, compressed class ptrs, g1 gc, windows-amd64)
GC Precious Log:
 CPUs: 8 total, 8 available
 Memory: 10177M
 Large Page Support: Disabled
 NUMA Support: Disabled
 Compressed Oops: Enabled (32-bit)
 Heap Region Size: 1M
 Heap Min Capacity: 8M
 Heap Initial Capacity: 160M
 Heap Max Capacity: 2G
 Pre-touch: Disabled
 Parallel Workers: 8
 Concurrent Workers: 2
 Concurrent Refinement Workers: 8
 Periodic GC: Disabled
Heap:
 garbage-first heap   total 337920K, used 248320K [0x0000000080000000, 0x0000000100000000)
  region size 1024K, 7 young (7168K), 7 survivors (7168K)
 Metaspace       used 106963K, committed 107648K, reserved 1146880K
  class space    used 14749K, committed 15104K, reserved 1048576K
GC Heap History (20 events):
Event: 25.450 GC heap after
{Heap after GC invocations=45 (full 0):
 garbage-first heap   total 140288K, used 74855K [0x0000000080000000, 0x0000000100000000)
  region size 1024K, 3 young (3072K), 3 survivors (3072K)
 Metaspace       used 90299K, committed 90880K, reserved 1130496K
  class space    used 12307K, committed 12608K, reserved 1048576K
}
Event: 25.541 GC heap before
{Heap before GC invocations=45 (full 0):
 garbage-first heap   total 140288K, used 76903K [0x0000000080000000, 0x0000000100000000)
  region size 1024K, 6 young (6144K), 3 survivors (3072K)
 Metaspace       used 90644K, committed 91328K, reserved 1130496K
  class space    used 12354K, committed 12672K, reserved 1048576K
}
Event: 25.546 GC heap after
{Heap after GC invocations=46 (full 0):
 garbage-first heap   total 140288K, used 74906K [0x0000000080000000, 0x0000000100000000)
  region size 1024K, 1 young (1024K), 1 survivors (1024K)
 Metaspace       used 90644K, committed 91328K, reserved 1130496K
  class space    used 12354K, committed 12672K, reserved 1048576K
}
Event: 26.595 GC heap before
{Heap before GC invocations=46 (full 0):
 garbage-first heap   total 140288K, used 112794K [0x0000000080000000, 0x0000000100000000)
  region size 1024K, 38 young (38912K), 1 survivors (1024K)
 Metaspace       used 92714K, committed 93440K, reserved 1130496K
  class space    used 12640K, committed 12992K, reserved 1048576K
}
Event: 26.606 GC heap after
{Heap after GC invocations=47 (full 0):
 garbage-first heap   total 140288K, used 78869K [0x0000000080000000, 0x0000000100000000)
  region size 1024K, 5 young (5120K), 5 survivors (5120K)
 Metaspace       used 92714K, committed 93440K, reserved 1130496K
  class space    used 12640K, committed 12992K, reserved 1048576K
}
Event: 27.219 GC heap before
{Heap before GC invocations=48 (full 0):
 garbage-first heap   total 145408K, used 112661K [0x0000000080000000, 0x0000000100000000)
  region size 1024K, 38 young (38912K), 5 survivors (5120K)
 Metaspace       used 92821K, committed 93504K, reserved 1130496K
  class space    used 12646K, committed 12992K, reserved 1048576K
}
Event: 27.233 GC heap after
{Heap after GC invocations=49 (full 0):
 garbage-first heap   total 145408K, used 84271K [0x0000000080000000, 0x0000000100000000)
  region size 1024K, 5 young (5120K), 5 survivors (5120K)
 Metaspace       used 92821K, committed 93504K, reserved 1130496K
  class space    used 12646K, committed 12992K, reserved 1048576K
}
Event: 27.276 GC heap before
{Heap before GC invocations=49 (full 0):
 garbage-first heap   total 145408K, used 86319K [0x0000000080000000, 0x0000000100000000)
  region size 1024K, 7 young (7168K), 5 survivors (5120K)
 Metaspace       used 92828K, committed 93504K, reserved 1130496K
  class space    used 12646K, committed 12992K, reserved 1048576K
}
Event: 27.288 GC heap after
{Heap after GC invocations=50 (full 0):
 garbage-first heap   total 290816K, used 85086K [0x0000000080000000, 0x0000000100000000)
  region size 1024K, 1 young (1024K), 1 survivors (1024K)
 Metaspace       used 92828K, committed 93504K, reserved 1130496K
  class space    used 12646K, committed 12992K, reserved 1048576K
}
Event: 31.425 GC heap before
{Heap before GC invocations=50 (full 0):
 garbage-first heap   total 290816K, used 222302K [0x0000000080000000, 0x0000000100000000)
  region size 1024K, 136 young (139264K), 1 survivors (1024K)
 Metaspace       used 97674K, committed 98368K, reserved 1138688K
  class space    used 13321K, committed 13632K, reserved 1048576K
}
Event: 31.441 GC heap after
{Heap after GC invocations=51 (full 0):
 garbage-first heap   total 290816K, used 95781K [0x0000000080000000, 0x0000000100000000)
  region size 1024K, 12 young (12288K), 12 survivors (12288K)
 Metaspace       used 97674K, committed 98368K, reserved 1138688K
  class space    used 13321K, committed 13632K, reserved 1048576K
}
Event: 33.704 GC heap before
{Heap before GC invocations=51 (full 0):
 garbage-first heap   total 290816K, used 219685K [0x0000000080000000, 0x0000000100000000)
  region size 1024K, 104 young (106496K), 12 survivors (12288K)
 Metaspace       used 103824K, committed 104576K, reserved 1146880K
  class space    used 14139K, committed 14528K, reserved 1048576K
}
Event: 33.728 GC heap after
{Heap after GC invocations=52 (full 0):
 garbage-first heap   total 290816K, used 134086K [0x0000000080000000, 0x0000000100000000)
  region size 1024K, 12 young (12288K), 12 survivors (12288K)
 Metaspace       used 103824K, committed 104576K, reserved 1146880K
  class space    used 14139K, committed 14528K, reserved 1048576K
}
Event: 34.687 GC heap before
{Heap before GC invocations=53 (full 0):
 garbage-first heap   total 337920K, used 280518K [0x0000000080000000, 0x0000000100000000)
  region size 1024K, 102 young (104448K), 12 survivors (12288K)
 Metaspace       used 104134K, committed 104896K, reserved 1146880K
  class space    used 14187K, committed 14528K, reserved 1048576K
}
Event: 34.723 GC heap after
{Heap after GC invocations=54 (full 0):
 garbage-first heap   total 337920K, used 188326K [0x0000000080000000, 0x0000000100000000)
  region size 1024K, 13 young (13312K), 13 survivors (13312K)
 Metaspace       used 104134K, committed 104896K, reserved 1146880K
  class space    used 14187K, committed 14528K, reserved 1048576K
}
Event: 34.787 GC heap before
{Heap before GC invocations=54 (full 0):
 garbage-first heap   total 337920K, used 190374K [0x0000000080000000, 0x0000000100000000)
  region size 1024K, 16 young (16384K), 13 survivors (13312K)
 Metaspace       used 104783K, committed 105536K, reserved 1146880K
  class space    used 14289K, committed 14656K, reserved 1048576K
}
Event: 34.809 GC heap after
{Heap after GC invocations=55 (full 0):
 garbage-first heap   total 337920K, used 191330K [0x0000000080000000, 0x0000000100000000)
  region size 1024K, 2 young (2048K), 2 survivors (2048K)
 Metaspace       used 104783K, committed 105536K, reserved 1146880K
  class space    used 14289K, committed 14656K, reserved 1048576K
}
Event: 35.418 GC heap before
{Heap before GC invocations=55 (full 0):
 garbage-first heap   total 337920K, used 261986K [0x0000000080000000, 0x0000000100000000)
  region size 1024K, 72 young (73728K), 2 survivors (2048K)
 Metaspace       used 106911K, committed 107648K, reserved 1146880K
  class space    used 14749K, committed 15104K, reserved 1048576K
}
Event: 35.458 GC heap after
{Heap after GC invocations=56 (full 0):
 garbage-first heap   total 337920K, used 224973K [0x0000000080000000, 0x0000000100000000)
  region size 1024K, 9 young (9216K), 9 survivors (9216K)
 Metaspace       used 106911K, committed 107648K, reserved 1146880K
  class space    used 14749K, committed 15104K, reserved 1048576K
}
Event: 35.745 GC heap before
{Heap before GC invocations=56 (full 0):
 garbage-first heap   total 337920K, used 264909K [0x0000000080000000, 0x0000000100000000)
  region size 1024K, 49 young (50176K), 9 survivors (9216K)
 Metaspace       used 106963K, committed 107648K, reserved 1146880K
  class space    used 14749K, committed 15104K, reserved 1048576K
}

