# JRE version: OpenJDK Runtime Environment (17.0.6) (build 17.0.6+0-b2043.56-10027231)
# Java VM: OpenJDK 64-Bit Server VM (17.0.6+0-b2043.56-10027231, mixed mode, tiered, compressed oops, compressed class ptrs, g1 gc, windows-amd64)
GC Precious Log:
 CPUs: 8 total, 8 available
 Memory: 10177M
 Large Page Support: Disabled
 NUMA Support: Disabled
 Compressed Oops: Enabled (32-bit)
 Heap Region Size: 1M
 Heap Min Capacity: 8M
 Heap Initial Capacity: 160M
 Heap Max Capacity: 2G
 Pre-touch: Disabled
 Parallel Workers: 8
 Concurrent Workers: 2
 Concurrent Refinement Workers: 8
 Periodic GC: Disabled
Heap:
 garbage-first heap   total 246784K, used 126611K [0x0000000080000000, 0x0000000100000000)
  region size 1024K, 36 young (36864K), 8 survivors (8192K)
 Metaspace       used 100499K, committed 101248K, reserved 1138688K
  class space    used 13686K, committed 14080K, reserved 1048576K
GC Heap History (20 events):
Event: 10.674 GC heap before
{Heap before GC invocations=26 (full 0):
 garbage-first heap   total 141312K, used 104660K [0x0000000080000000, 0x0000000100000000)
  region size 1024K, 46 young (47104K), 4 survivors (4096K)
 Metaspace       used 74286K, committed 74880K, reserved 1114112K
  class space    used 9879K, committed 10176K, reserved 1048576K
}
Event: 10.680 GC heap after
{Heap after GC invocations=27 (full 0):
 garbage-first heap   total 141312K, used 64560K [0x0000000080000000, 0x0000000100000000)
  region size 1024K, 6 young (6144K), 6 survivors (6144K)
 Metaspace       used 74286K, committed 74880K, reserved 1114112K
  class space    used 9879K, committed 10176K, reserved 1048576K
}
Event: 11.335 GC heap before
{Heap before GC invocations=27 (full 0):
 garbage-first heap   total 141312K, used 108592K [0x0000000080000000, 0x0000000100000000)
  region size 1024K, 48 young (49152K), 6 survivors (6144K)
 Metaspace       used 77398K, committed 78016K, reserved 1122304K
  class space    used 10291K, committed 10560K, reserved 1048576K
}
Event: 11.345 GC heap after
{Heap after GC invocations=28 (full 0):
 garbage-first heap   total 141312K, used 67993K [0x0000000080000000, 0x0000000100000000)
  region size 1024K, 6 young (6144K), 6 survivors (6144K)
 Metaspace       used 77398K, committed 78016K, reserved 1122304K
  class space    used 10291K, committed 10560K, reserved 1048576K
}
Event: 12.204 GC heap before
{Heap before GC invocations=28 (full 0):
 garbage-first heap   total 141312K, used 109977K [0x0000000080000000, 0x0000000100000000)
  region size 1024K, 47 young (48128K), 6 survivors (6144K)
 Metaspace       used 82337K, committed 82944K, reserved 1122304K
  class space    used 11172K, committed 11456K, reserved 1048576K
}
Event: 12.211 GC heap after
{Heap after GC invocations=29 (full 0):
 garbage-first heap   total 141312K, used 70474K [0x0000000080000000, 0x0000000100000000)
  region size 1024K, 3 young (3072K), 3 survivors (3072K)
 Metaspace       used 82337K, committed 82944K, reserved 1122304K
  class space    used 11172K, committed 11456K, reserved 1048576K
}
Event: 13.017 GC heap before
{Heap before GC invocations=29 (full 0):
 garbage-first heap   total 141312K, used 112458K [0x0000000080000000, 0x0000000100000000)
  region size 1024K, 44 young (45056K), 3 survivors (3072K)
 Metaspace       used 86361K, committed 86976K, reserved 1130496K
  class space    used 11754K, committed 12032K, reserved 1048576K
}
Event: 13.026 GC heap after
{Heap after GC invocations=30 (full 0):
 garbage-first heap   total 141312K, used 73607K [0x0000000080000000, 0x0000000100000000)
  region size 1024K, 6 young (6144K), 6 survivors (6144K)
 Metaspace       used 86361K, committed 86976K, reserved 1130496K
  class space    used 11754K, committed 12032K, reserved 1048576K
}
Event: 13.789 GC heap before
{Heap before GC invocations=31 (full 0):
 garbage-first heap   total 141312K, used 113543K [0x0000000080000000, 0x0000000100000000)
  region size 1024K, 45 young (46080K), 6 survivors (6144K)
 Metaspace       used 91316K, committed 91904K, reserved 1130496K
  class space    used 12474K, committed 12736K, reserved 1048576K
}
Event: 13.797 GC heap after
{Heap after GC invocations=32 (full 0):
 garbage-first heap   total 141312K, used 77504K [0x0000000080000000, 0x0000000100000000)
  region size 1024K, 4 young (4096K), 4 survivors (4096K)
 Metaspace       used 91316K, committed 91904K, reserved 1130496K
  class space    used 12474K, committed 12736K, reserved 1048576K
}
Event: 13.827 GC heap before
{Heap before GC invocations=32 (full 0):
 garbage-first heap   total 141312K, used 79552K [0x0000000080000000, 0x0000000100000000)
  region size 1024K, 6 young (6144K), 4 survivors (4096K)
 Metaspace       used 91448K, committed 92096K, reserved 1130496K
  class space    used 12489K, committed 12800K, reserved 1048576K
}
Event: 13.832 GC heap after
{Heap after GC invocations=33 (full 0):
 garbage-first heap   total 141312K, used 77402K [0x0000000080000000, 0x0000000100000000)
  region size 1024K, 1 young (1024K), 1 survivors (1024K)
 Metaspace       used 91448K, committed 92096K, reserved 1130496K
  class space    used 12489K, committed 12800K, reserved 1048576K
}
Event: 14.236 GC heap before
{Heap before GC invocations=33 (full 0):
 garbage-first heap   total 141312K, used 114266K [0x0000000080000000, 0x0000000100000000)
  region size 1024K, 37 young (37888K), 1 survivors (1024K)
 Metaspace       used 92567K, committed 93248K, reserved 1130496K
  class space    used 12639K, committed 12928K, reserved 1048576K
}
Event: 14.244 GC heap after
{Heap after GC invocations=34 (full 0):
 garbage-first heap   total 246784K, used 81644K [0x0000000080000000, 0x0000000100000000)
  region size 1024K, 5 young (5120K), 5 survivors (5120K)
 Metaspace       used 92567K, committed 93248K, reserved 1130496K
  class space    used 12639K, committed 12928K, reserved 1048576K
}
Event: 15.563 GC heap before
{Heap before GC invocations=35 (full 0):
 garbage-first heap   total 246784K, used 191212K [0x0000000080000000, 0x0000000100000000)
  region size 1024K, 113 young (115712K), 5 survivors (5120K)
 Metaspace       used 95334K, committed 96000K, reserved 1138688K
  class space    used 13086K, committed 13376K, reserved 1048576K
}
Event: 15.581 GC heap after
{Heap after GC invocations=36 (full 0):
 garbage-first heap   total 246784K, used 91961K [0x0000000080000000, 0x0000000100000000)
  region size 1024K, 15 young (15360K), 15 survivors (15360K)
 Metaspace       used 95334K, committed 96000K, reserved 1138688K
  class space    used 13086K, committed 13376K, reserved 1048576K
}
Event: 15.589 GC heap before
{Heap before GC invocations=36 (full 0):
 garbage-first heap   total 246784K, used 91961K [0x0000000080000000, 0x0000000100000000)
  region size 1024K, 16 young (16384K), 15 survivors (15360K)
 Metaspace       used 95343K, committed 96000K, reserved 1138688K
  class space    used 13086K, committed 13376K, reserved 1048576K
}
Event: 15.604 GC heap after
{Heap after GC invocations=37 (full 0):
 garbage-first heap   total 246784K, used 92970K [0x0000000080000000, 0x0000000100000000)
  region size 1024K, 2 young (2048K), 2 survivors (2048K)
 Metaspace       used 95343K, committed 96000K, reserved 1138688K
  class space    used 13086K, committed 13376K, reserved 1048576K
}
Event: 16.883 GC heap before
{Heap before GC invocations=37 (full 0):
 garbage-first heap   total 246784K, used 185130K [0x0000000080000000, 0x0000000100000000)
  region size 1024K, 93 young (95232K), 2 survivors (2048K)
 Metaspace       used 99275K, committed 99968K, reserved 1138688K
  class space    used 13596K, committed 13888K, reserved 1048576K
}
Event: 16.893 GC heap after
{Heap after GC invocations=38 (full 0):
 garbage-first heap   total 246784K, used 98963K [0x0000000080000000, 0x0000000100000000)
  region size 1024K, 8 young (8192K), 8 survivors (8192K)
 Metaspace       used 99275K, committed 99968K, reserved 1138688K
  class space    used 13596K, committed 13888K, reserved 1048576K
}

