# JRE version: OpenJDK Runtime Environment (17.0.6) (build 17.0.6+0-b2043.56-10027231)
# Java VM: OpenJDK 64-Bit Server VM (17.0.6+0-b2043.56-10027231, mixed mode, tiered, compressed oops, compressed class ptrs, g1 gc, windows-amd64)
GC Precious Log:
 CPUs: 8 total, 8 available
 Memory: 10177M
 Large Page Support: Disabled
 NUMA Support: Disabled
 Compressed Oops: Enabled (32-bit)
 Heap Region Size: 1M
 Heap Min Capacity: 8M
 Heap Initial Capacity: 160M
 Heap Max Capacity: 2G
 Pre-touch: Disabled
 Parallel Workers: 8
 Concurrent Workers: 2
 Concurrent Refinement Workers: 8
 Periodic GC: Disabled
Heap:
 garbage-first heap   total 329728K, used 237957K [0x0000000080000000, 0x0000000100000000)
  region size 1024K, 7 young (7168K), 7 survivors (7168K)
 Metaspace       used 116271K, committed 117056K, reserved 1155072K
  class space    used 15805K, committed 16192K, reserved 1048576K
GC Heap History (20 events):
Event: 22.140 GC heap after
{Heap after GC invocations=46 (full 0):
 garbage-first heap   total 140288K, used 82993K [0x0000000080000000, 0x0000000100000000)
  region size 1024K, 5 young (5120K), 5 survivors (5120K)
 Metaspace       used 92710K, committed 93312K, reserved 1130496K
  class space    used 12639K, committed 12928K, reserved 1048576K
}
Event: 22.149 GC heap before
{Heap before GC invocations=46 (full 0):
 garbage-first heap   total 140288K, used 84017K [0x0000000080000000, 0x0000000100000000)
  region size 1024K, 6 young (6144K), 5 survivors (5120K)
 Metaspace       used 92714K, committed 93312K, reserved 1130496K
  class space    used 12640K, committed 12928K, reserved 1048576K
}
Event: 22.155 GC heap after
{Heap after GC invocations=47 (full 0):
 garbage-first heap   total 140288K, used 83478K [0x0000000080000000, 0x0000000100000000)
  region size 1024K, 1 young (1024K), 1 survivors (1024K)
 Metaspace       used 92714K, committed 93312K, reserved 1130496K
  class space    used 12640K, committed 12928K, reserved 1048576K
}
Event: 22.853 GC heap before
{Heap before GC invocations=47 (full 0):
 garbage-first heap   total 140288K, used 113174K [0x0000000080000000, 0x0000000100000000)
  region size 1024K, 31 young (31744K), 1 survivors (1024K)
 Metaspace       used 94298K, committed 94912K, reserved 1138688K
  class space    used 12908K, committed 13184K, reserved 1048576K
}
Event: 22.861 GC heap after
{Heap after GC invocations=48 (full 0):
 garbage-first heap   total 280576K, used 87512K [0x0000000080000000, 0x0000000100000000)
  region size 1024K, 4 young (4096K), 4 survivors (4096K)
 Metaspace       used 94298K, committed 94912K, reserved 1138688K
  class space    used 12908K, committed 13184K, reserved 1048576K
}
Event: 27.566 GC heap before
{Heap before GC invocations=49 (full 0):
 garbage-first heap   total 280576K, used 206296K [0x0000000080000000, 0x0000000100000000)
  region size 1024K, 121 young (123904K), 4 survivors (4096K)
 Metaspace       used 103095K, committed 103808K, reserved 1146880K
  class space    used 14006K, committed 14336K, reserved 1048576K
}
Event: 27.587 GC heap after
{Heap after GC invocations=50 (full 0):
 garbage-first heap   total 280576K, used 96715K [0x0000000080000000, 0x0000000100000000)
  region size 1024K, 13 young (13312K), 13 survivors (13312K)
 Metaspace       used 103095K, committed 103808K, reserved 1146880K
  class space    used 14006K, committed 14336K, reserved 1048576K
}
Event: 27.614 GC heap before
{Heap before GC invocations=50 (full 0):
 garbage-first heap   total 280576K, used 97739K [0x0000000080000000, 0x0000000100000000)
  region size 1024K, 14 young (14336K), 13 survivors (13312K)
 Metaspace       used 103213K, committed 104000K, reserved 1146880K
  class space    used 14016K, committed 14400K, reserved 1048576K
}
Event: 27.629 GC heap after
{Heap after GC invocations=51 (full 0):
 garbage-first heap   total 280576K, used 97686K [0x0000000080000000, 0x0000000100000000)
  region size 1024K, 2 young (2048K), 2 survivors (2048K)
 Metaspace       used 103213K, committed 104000K, reserved 1146880K
  class space    used 14016K, committed 14400K, reserved 1048576K
}
Event: 31.039 GC heap before
{Heap before GC invocations=51 (full 0):
 garbage-first heap   total 280576K, used 234902K [0x0000000080000000, 0x0000000100000000)
  region size 1024K, 114 young (116736K), 2 survivors (2048K)
 Metaspace       used 108244K, committed 108992K, reserved 1146880K
  class space    used 14540K, committed 14912K, reserved 1048576K
}
Event: 31.051 GC heap after
{Heap after GC invocations=52 (full 0):
 garbage-first heap   total 280576K, used 131659K [0x0000000080000000, 0x0000000100000000)
  region size 1024K, 13 young (13312K), 13 survivors (13312K)
 Metaspace       used 108244K, committed 108992K, reserved 1146880K
  class space    used 14540K, committed 14912K, reserved 1048576K
}
Event: 31.354 GC heap before
{Heap before GC invocations=52 (full 0):
 garbage-first heap   total 280576K, used 171595K [0x0000000080000000, 0x0000000100000000)
  region size 1024K, 33 young (33792K), 13 survivors (13312K)
 Metaspace       used 110534K, committed 111296K, reserved 1146880K
  class space    used 14850K, committed 15232K, reserved 1048576K
}
Event: 31.367 GC heap after
{Heap after GC invocations=53 (full 0):
 garbage-first heap   total 280576K, used 143572K [0x0000000080000000, 0x0000000100000000)
  region size 1024K, 4 young (4096K), 4 survivors (4096K)
 Metaspace       used 110534K, committed 111296K, reserved 1146880K
  class space    used 14850K, committed 15232K, reserved 1048576K
}
Event: 32.493 GC heap before
{Heap before GC invocations=54 (full 0):
 garbage-first heap   total 329728K, used 262356K [0x0000000080000000, 0x0000000100000000)
  region size 1024K, 83 young (84992K), 4 survivors (4096K)
 Metaspace       used 111826K, committed 112576K, reserved 1146880K
  class space    used 15040K, committed 15424K, reserved 1048576K
}
Event: 32.518 GC heap after
{Heap after GC invocations=55 (full 0):
 garbage-first heap   total 329728K, used 180961K [0x0000000080000000, 0x0000000100000000)
  region size 1024K, 11 young (11264K), 11 survivors (11264K)
 Metaspace       used 111826K, committed 112576K, reserved 1146880K
  class space    used 15040K, committed 15424K, reserved 1048576K
}
Event: 32.559 GC heap before
{Heap before GC invocations=55 (full 0):
 garbage-first heap   total 329728K, used 186081K [0x0000000080000000, 0x0000000100000000)
  region size 1024K, 16 young (16384K), 11 survivors (11264K)
 Metaspace       used 111912K, committed 112704K, reserved 1146880K
  class space    used 15052K, committed 15424K, reserved 1048576K
}
Event: 32.576 GC heap after
{Heap after GC invocations=56 (full 0):
 garbage-first heap   total 329728K, used 184737K [0x0000000080000000, 0x0000000100000000)
  region size 1024K, 2 young (2048K), 2 survivors (2048K)
 Metaspace       used 111912K, committed 112704K, reserved 1146880K
  class space    used 15052K, committed 15424K, reserved 1048576K
}
Event: 33.298 GC heap before
{Heap before GC invocations=56 (full 0):
 garbage-first heap   total 329728K, used 260513K [0x0000000080000000, 0x0000000100000000)
  region size 1024K, 75 young (76800K), 2 survivors (2048K)
 Metaspace       used 115958K, committed 116672K, reserved 1155072K
  class space    used 15776K, committed 16128K, reserved 1048576K
}
Event: 33.331 GC heap after
{Heap after GC invocations=57 (full 0):
 garbage-first heap   total 329728K, used 213531K [0x0000000080000000, 0x0000000100000000)
  region size 1024K, 10 young (10240K), 10 survivors (10240K)
 Metaspace       used 115958K, committed 116672K, reserved 1155072K
  class space    used 15776K, committed 16128K, reserved 1048576K
}
Event: 33.575 GC heap before
{Heap before GC invocations=57 (full 0):
 garbage-first heap   total 329728K, used 260635K [0x0000000080000000, 0x0000000100000000)
  region size 1024K, 56 young (57344K), 10 survivors (10240K)
 Metaspace       used 116271K, committed 117056K, reserved 1155072K
  class space    used 15805K, committed 16192K, reserved 1048576K
}

