# JRE version: OpenJDK Runtime Environment (17.0.6) (build 17.0.6+0-b2043.56-10027231)
# Java VM: OpenJDK 64-Bit Server VM (17.0.6+0-b2043.56-10027231, mixed mode, tiered, compressed oops, compressed class ptrs, g1 gc, windows-amd64)
GC Precious Log:
 CPUs: 8 total, 8 available
 Memory: 10177M
 Large Page Support: Disabled
 NUMA Support: Disabled
 Compressed Oops: Enabled (32-bit)
 Heap Region Size: 1M
 Heap Min Capacity: 8M
 Heap Initial Capacity: 160M
 Heap Max Capacity: 2G
 Pre-touch: Disabled
 Parallel Workers: 8
 Concurrent Workers: 2
 Concurrent Refinement Workers: 8
 Periodic GC: Disabled
Heap:
 garbage-first heap   total 163840K, used 88043K [0x0000000080000000, 0x0000000100000000)
  region size 1024K, 1 young (1024K), 1 survivors (1024K)
 Metaspace       used 93963K, committed 94592K, reserved 1138688K
  class space    used 12883K, committed 13184K, reserved 1048576K
GC Heap History (20 events):
Event: 8.096 GC heap after
{Heap after GC invocations=24 (full 0):
 garbage-first heap   total 141312K, used 59190K [0x0000000080000000, 0x0000000100000000)
  region size 1024K, 1 young (1024K), 1 survivors (1024K)
 Metaspace       used 65282K, committed 65792K, reserved 1114112K
  class space    used 8680K, committed 8896K, reserved 1048576K
}
Event: 8.775 GC heap before
{Heap before GC invocations=24 (full 0):
 garbage-first heap   total 141312K, used 101174K [0x0000000080000000, 0x0000000100000000)
  region size 1024K, 42 young (43008K), 1 survivors (1024K)
 Metaspace       used 69283K, committed 69824K, reserved 1114112K
  class space    used 9209K, committed 9472K, reserved 1048576K
}
Event: 8.779 GC heap after
{Heap after GC invocations=25 (full 0):
 garbage-first heap   total 141312K, used 62089K [0x0000000080000000, 0x0000000100000000)
  region size 1024K, 4 young (4096K), 4 survivors (4096K)
 Metaspace       used 69283K, committed 69824K, reserved 1114112K
  class space    used 9209K, committed 9472K, reserved 1048576K
}
Event: 9.421 GC heap before
{Heap before GC invocations=25 (full 0):
 garbage-first heap   total 141312K, used 105097K [0x0000000080000000, 0x0000000100000000)
  region size 1024K, 46 young (47104K), 4 survivors (4096K)
 Metaspace       used 74661K, committed 75328K, reserved 1114112K
  class space    used 9925K, committed 10240K, reserved 1048576K
}
Event: 9.426 GC heap after
{Heap after GC invocations=26 (full 0):
 garbage-first heap   total 141312K, used 64715K [0x0000000080000000, 0x0000000100000000)
  region size 1024K, 3 young (3072K), 3 survivors (3072K)
 Metaspace       used 74661K, committed 75328K, reserved 1114112K
  class space    used 9925K, committed 10240K, reserved 1048576K
}
Event: 10.058 GC heap before
{Heap before GC invocations=26 (full 0):
 garbage-first heap   total 141312K, used 108747K [0x0000000080000000, 0x0000000100000000)
  region size 1024K, 46 young (47104K), 3 survivors (3072K)
 Metaspace       used 77750K, committed 78400K, reserved 1122304K
  class space    used 10335K, committed 10624K, reserved 1048576K
}
Event: 10.064 GC heap after
{Heap after GC invocations=27 (full 0):
 garbage-first heap   total 141312K, used 68585K [0x0000000080000000, 0x0000000100000000)
  region size 1024K, 6 young (6144K), 6 survivors (6144K)
 Metaspace       used 77750K, committed 78400K, reserved 1122304K
  class space    used 10335K, committed 10624K, reserved 1048576K
}
Event: 10.809 GC heap before
{Heap before GC invocations=27 (full 0):
 garbage-first heap   total 141312K, used 110569K [0x0000000080000000, 0x0000000100000000)
  region size 1024K, 47 young (48128K), 6 survivors (6144K)
 Metaspace       used 82739K, committed 83328K, reserved 1122304K
  class space    used 11226K, committed 11520K, reserved 1048576K
}
Event: 10.816 GC heap after
{Heap after GC invocations=28 (full 0):
 garbage-first heap   total 141312K, used 71095K [0x0000000080000000, 0x0000000100000000)
  region size 1024K, 4 young (4096K), 4 survivors (4096K)
 Metaspace       used 82739K, committed 83328K, reserved 1122304K
  class space    used 11226K, committed 11520K, reserved 1048576K
}
Event: 11.530 GC heap before
{Heap before GC invocations=28 (full 0):
 garbage-first heap   total 141312K, used 112055K [0x0000000080000000, 0x0000000100000000)
  region size 1024K, 44 young (45056K), 4 survivors (4096K)
 Metaspace       used 86800K, committed 87424K, reserved 1130496K
  class space    used 11820K, committed 12096K, reserved 1048576K
}
Event: 11.537 GC heap after
{Heap after GC invocations=29 (full 0):
 garbage-first heap   total 141312K, used 74037K [0x0000000080000000, 0x0000000100000000)
  region size 1024K, 6 young (6144K), 6 survivors (6144K)
 Metaspace       used 86800K, committed 87424K, reserved 1130496K
  class space    used 11820K, committed 12096K, reserved 1048576K
}
Event: 12.260 GC heap before
{Heap before GC invocations=30 (full 0):
 garbage-first heap   total 141312K, used 113973K [0x0000000080000000, 0x0000000100000000)
  region size 1024K, 45 young (46080K), 6 survivors (6144K)
 Metaspace       used 91496K, committed 92160K, reserved 1130496K
  class space    used 12487K, committed 12800K, reserved 1048576K
}
Event: 12.268 GC heap after
{Heap after GC invocations=31 (full 0):
 garbage-first heap   total 141312K, used 77676K [0x0000000080000000, 0x0000000100000000)
  region size 1024K, 4 young (4096K), 4 survivors (4096K)
 Metaspace       used 91496K, committed 92160K, reserved 1130496K
  class space    used 12487K, committed 12800K, reserved 1048576K
}
Event: 12.293 GC heap before
{Heap before GC invocations=31 (full 0):
 garbage-first heap   total 141312K, used 79724K [0x0000000080000000, 0x0000000100000000)
  region size 1024K, 6 young (6144K), 4 survivors (4096K)
 Metaspace       used 91628K, committed 92224K, reserved 1130496K
  class space    used 12510K, committed 12800K, reserved 1048576K
}
Event: 12.297 GC heap after
{Heap after GC invocations=32 (full 0):
 garbage-first heap   total 141312K, used 77668K [0x0000000080000000, 0x0000000100000000)
  region size 1024K, 1 young (1024K), 1 survivors (1024K)
 Metaspace       used 91628K, committed 92224K, reserved 1130496K
  class space    used 12510K, committed 12800K, reserved 1048576K
}
Event: 12.703 GC heap before
{Heap before GC invocations=32 (full 0):
 garbage-first heap   total 141312K, used 114532K [0x0000000080000000, 0x0000000100000000)
  region size 1024K, 37 young (37888K), 1 survivors (1024K)
 Metaspace       used 92640K, committed 93248K, reserved 1130496K
  class space    used 12642K, committed 12928K, reserved 1048576K
}
Event: 12.709 GC heap after
{Heap after GC invocations=33 (full 0):
 garbage-first heap   total 141312K, used 82625K [0x0000000080000000, 0x0000000100000000)
  region size 1024K, 5 young (5120K), 5 survivors (5120K)
 Metaspace       used 92640K, committed 93248K, reserved 1130496K
  class space    used 12642K, committed 12928K, reserved 1048576K
}
Event: 13.135 GC heap before
{Heap before GC invocations=34 (full 0):
 garbage-first heap   total 155648K, used 113345K [0x0000000080000000, 0x0000000100000000)
  region size 1024K, 35 young (35840K), 5 survivors (5120K)
 Metaspace       used 93925K, committed 94592K, reserved 1138688K
  class space    used 12883K, committed 13184K, reserved 1048576K
}
Event: 13.144 GC heap after
{Heap after GC invocations=35 (full 0):
 garbage-first heap   total 155648K, used 87526K [0x0000000080000000, 0x0000000100000000)
  region size 1024K, 5 young (5120K), 5 survivors (5120K)
 Metaspace       used 93925K, committed 94592K, reserved 1138688K
  class space    used 12883K, committed 13184K, reserved 1048576K
}
Event: 13.183 GC heap before
{Heap before GC invocations=35 (full 0):
 garbage-first heap   total 155648K, used 89574K [0x0000000080000000, 0x0000000100000000)
  region size 1024K, 7 young (7168K), 5 survivors (5120K)
 Metaspace       used 93963K, committed 94592K, reserved 1138688K
  class space    used 12883K, committed 13184K, reserved 1048576K
}

